         0         0         0         0         0
         0         0         0         0         0
         0         0         0         0         0
         0         0         0         0         0
         0         0         0         0         0
         0         0         0         0         0
         0         0         0         0         0
         0         0         0         0         0
    1.3211    1.3211    0.9398         0    1.5753
         0         0         0         0         0
         0         0         0         0         0
         0         0         0         0         0
         0         0         0         0         0
    1.8120    1.8120    1.6592    0.9242    1.5428
         0         0         0         0         0
         0         0         0         0   -0.1613
   -0.2993   -0.2993         0         0   -0.6066
         0         0         0         0         0
         0         0         0         0         0
         0         0         0         0         0
   -2.1686   -2.1686   -1.9090   -0.7377   -2.1926
         0         0         0         0         0
         0         0         0         0         0
         0         0         0         0         0
         0         0         0         0         0
         0         0         0         0         0
         0         0         0         0    0.3743
         0         0         0         0         0
         0         0         0         0         0
         0         0         0         0         0
         0         0         0         0         0
         0         0         0         0         0
         0         0         0         0         0
         0         0         0         0         0
         0         0         0         0         0
         0         0         0         0         0
         0         0         0         0         0
         0         0         0         0         0
         0         0         0         0         0
         0         0         0         0         0
         0         0         0         0         0
         0         0         0         0         0
         0         0         0         0         0
         0         0         0         0         0
diary off
