
                              < M A T L A B >
		  Copyright 1984-1999 The MathWorks, Inc.
                         Version 5.3.0.10183 (R11)
                                Jan 21 1999

 
  To get started, type one of these: helpwin, helpdesk, or demo.
  For product information, type tour or visit www.mathworks.com.
 
>> >> >> >> >> >> >> >> >> >> >> >> >> >> >> >> >> >> >> >> >> >> >> >> >> >> >> >> >> >> >> >> >> >> >> >> >> >> >> >> >> >> >> >> >> >> >> >> >> >> >> >> >> >> >> >> >> >> >> >> >> >> >> >> >> 
a0 =

  68.88202890100669


b0 =

   0.00004514174527
   0.00056337526492
   0.00000314960182
   0.28798467296070
   0.02939047837037
   0.17915523046068


c0 =

   1.0e+04 *

   0.05521570804044
   0.13257910850876
   0.02344592363095
  -0.30033984240118
  -1.12595027672086
   0.33627290865635
  -0.16662647686818
  -1.79568040867220
  -0.63281443789409
  -0.18911494007497
   0.25734255993760
  -0.00751055721240
   0.32779908982649
  -0.09670887724067
  -0.80403488722955
  -0.17248291589767
   0.00261555792635
  -0.10851588420494
   0.30808485269862
   0.37491117648211
   0.38183949824696
  -0.10520085226381
  -0.55979115498554
  -0.00673527379709
  -0.58650886342958
   0.87066387901579
  -0.85684547479817
   0.07146406770442
  -0.10213306798024
   0.06703238148724
  -0.09205005927266
  -0.25029553651132
  -0.23023574018294
   0.54522322242300
  -0.06887153668898
  -0.14827023040066
  -1.41358087194790
   0.19490990297943
  -0.32411525729344
   0.25230934294864
   0.23890475891429
  -0.08248198885845
   1.17168237120469
  -0.04001163913252
  -0.64391441908689
   0.52581111934574
  -0.07595015275436
   0.40670116415570
   0.17750346260340
  -0.58150259268139
  -0.19479825906550
   0.00461650996107
  -0.65677938667834
  -0.26667648829793
  -0.06666429896203
   0.84673110111029
  -0.16413595828511
   0.39048325812496
   0.25123969829313
   0.24145359525225
  -0.05608690547598
  -0.06639450313731
   0.17418492664832
   1.10027865842818
  -0.00531981938226
  -0.15453893609150
   2.97143922083604
  -0.40117234573667
  -0.12939097544458
   0.07889742493564
   0.21955097971138
   0.10207230451345
  -0.15407118760276
  -0.39131615521272
   0.20779043117117
  -0.15303824581230
   1.67303039314375
   0.18372405053445
   0.43421971159307
   0.14172901966458
  -0.05576431268148
  -0.27840664177163
   0.02300293165532
  -0.48152167837769
  -0.19758554248133
  -0.14303583462038
   0.11322981674231
   0.31481607423604
  -0.43468635790741
  -0.40599560718587
  -0.26365251129676
   0.14918853592721
   0.40728831095539
  -0.22318771439551
   0.09312505670688
  -0.23185323035259
   0.51040918844346
  -0.09628533151736
  -0.10802544287733
  -0.00615536817933


d0 =

  88.79289598131358


e0 =

     1.296437766441605e+02


f0 =

    48

>> >> >> >> >> >> >> 
lambda_sel1 =

   0.18000000000000


rss1 =

  Columns 1 through 4 

   0.92731731674453   0.92122028625559   0.91401480880377   0.90899718173103

  Columns 5 through 8 

   0.90146380602608   0.89316003612176   0.87802443815430   0.91228262916300

  Column 9 

   0.90356475591987

>> >> >> 
a1 =

  70.37967013348839


b1 =

   0.00003971356911
   0.00051918824229
   0.00000260192506
   0.27518964173184
   0.02592631045511
   0.15147387175380


c1 =

   1.0e+04 *

   0.10900481158501
   0.16558820256341
   0.01633063773247
  -0.47153657765469
  -1.68176033562366
   0.47637431133069
  -0.15133002596494
  -2.71079538488177
  -0.94584634887135
  -0.33956930537192
   0.23876795488646
  -0.00176446183573
   0.49206897995805
  -0.18499151126229
  -1.22209023385122
  -0.23908476354200
  -0.05441611965499
  -0.12055933415443
   0.44760468489673
   0.57851287769998
   0.57415229648657
  -0.17720739957644
  -0.89718480077772
   0.02176133437260
  -0.82374157110594
   1.35185164110940
  -1.21824221790748
   0.15328937204326
  -0.13334300369349
   0.12795151852996
  -0.11587699517352
  -0.42150960555934
  -0.44324590304677
   0.80374831716797
  -0.09741466595814
  -0.23053030761181
  -2.05023419383202
   0.32280114466800
  -0.50374205752023
   0.34743944450647
   0.36115251477884
  -0.11880910256171
   1.65898495432631
  -0.05542633478662
  -0.74355003478613
   0.86021585350233
  -0.12452855504021
   0.63283272442833
   0.23866340898309
  -0.75150952956321
  -0.25229619050015
   0.00598480478542
  -0.91538912496351
  -0.46791985016211
  -0.04307662531965
   1.08333405084388
  -0.24963801816554
   0.58092525726056
   0.38190191608242
   0.37489005299192
  -0.07176594523731
  -0.11949515203612
   0.19289133423444
   1.66615103151052
  -0.00843341475804
  -0.20793471554903
   4.30110972678969
  -0.54062157875736
  -0.18772573852258
   0.11031140635516
   0.32358772237874
   0.19050974210838
  -0.26664135995074
  -0.38908674285273
   0.33141268991746
  -0.20429481438338
   2.38475352680888
   0.22906557601708
   0.64482020243333
   0.18581431175124
  -0.05230211804622
  -0.36600581213379
   0.02914186908994
  -0.71984486272869
  -0.33482813187700
  -0.24049079807361
   0.15057478203225
   0.41057555877042
  -0.59468683420727
  -0.61986534203231
  -0.37350368233808
   0.24123507468406
   0.57913181252693
  -0.33220101803512
   0.08426264593437
  -0.31828387170298
   0.70102041527345
  -0.13195280146878
  -0.12784722671068
   0.00346995552992


d1 =

     1.183947745291656e+02


e1 =

     1.233817837205617e+02


f1 =

    49

>> >> >> >> >> 
lambda_sel2 =

   0.10500000000000


rss2 =

  Columns 1 through 4 

   0.91359241963939   0.90355830737086   0.89164845469831   0.88010871295013

  Columns 5 through 8 

   0.92560235279419   0.91634314712564   0.90886377733809   0.90170223248096

  Column 9 

   0.89610827455472

>> >> 
a2 =

  70.35115597155911


b2 =

   0.00003943201097
   0.00052035318442
   0.00000261781184
   0.27645860127085
   0.02589975691234
   0.15475883007067


c2 =

   1.0e+04 *

   0.10945342233430
   0.16055681084989
   0.01834380560708
  -0.45651785695450
  -1.65739090446408
   0.47311289163365
  -0.15538229929389
  -2.67580141841887
  -0.93329817347571
  -0.32288968557642
   0.24611238154186
  -0.00393518794610
   0.48320325940388
  -0.17752874128367
  -1.16137148150133
  -0.24091712614238
  -0.04994291092606
  -0.11962896370379
   0.43853462883731
   0.57447422452989
   0.56197876944636
  -0.17910447179369
  -0.87525369575075
   0.02194150856385
  -0.81600432587366
   1.31491907802143
  -1.19329759673785
   0.14669351167497
  -0.13236731864085
   0.11585749190419
  -0.11527765111459
  -0.42157525551368
  -0.43745406833595
   0.78386776406741
  -0.09724960718350
  -0.23016945603598
  -2.02824329381765
   0.32202816828016
  -0.49921552224387
   0.34243526174147
   0.35657773374115
  -0.11763506864541
   1.63713677292085
  -0.05308448276402
  -0.75661896123773
   0.83741038421678
  -0.12054774398222
   0.61916370216861
   0.24261967927818
  -0.76903269894245
  -0.25264632063935
   0.00393940666219
  -0.92039122587087
  -0.46211203048759
  -0.04458333222176
   1.07622681841315
  -0.23572141443968
   0.58342637279544
   0.37742792759095
   0.37457159528966
  -0.06769854979172
  -0.11447510532232
   0.19331577048472
   1.63918472624148
  -0.00286007455921
  -0.20500011775526
   4.24214905899984
  -0.54080770681440
  -0.18122341214463
   0.10989282351651
   0.32450794902620
   0.18225255122049
  -0.26652680231149
  -0.38675745300626
   0.32541984532660
  -0.20110359108361
   2.33415161295049
   0.23036071958030
   0.63721785939726
   0.18240936351734
  -0.05527722134870
  -0.36142147824051
   0.03001871983793
  -0.69785631304086
  -0.32333522286270
  -0.23988669799264
   0.14999401968504
   0.41075206989925
  -0.58448740052492
  -0.60686820916022
  -0.34324272902406
   0.22355248811133
   0.57809986515676
  -0.33145702598848
   0.08563051151048
  -0.31737088906195
   0.69634681617346
  -0.13576789290041
  -0.12295000042360
   0.00129404318986


d2 =

     1.170332290130741e+02


e2 =

     1.258575076057579e+02


f2 =

    49

>> >> >> >> >> 
lambda_sel3 =

   0.18000000000000


rss3 =

  Columns 1 through 4 

   0.92731731674453   0.92122028625559   0.91401480880377   0.90899718173103

  Columns 5 through 8 

   0.90146380602608   0.89316003612176   0.87802443815430   0.91228262916300

  Column 9 

   0.90356475591987

>> >> 
a3 =

  66.73106954228035


b3 =

   0.00005857548349
   0.00065185979376
   0.00000426099725
   0.30030823339790
   0.03641015439667
   0.21619345727598


c3 =

   1.0e+04 *

   0.00983149737258
   0.09608776376103
   0.01886470642529
  -0.16377244085548
  -0.61419908553206
   0.18613105574763
  -0.14412081822621
  -0.92122816301900
  -0.32739296557715
  -0.09088119143356
   0.20896052900084
  -0.00649667911936
   0.17787423668305
  -0.03124989269901
  -0.52160971971931
  -0.09975797962004
   0.02483008621967
  -0.08324951079735
   0.17289249745180
   0.19173305766714
   0.19324438694417
  -0.05969406794736
  -0.24906236198946
  -0.02293143051959
  -0.36494364087505
   0.46284334848279
  -0.53320686850982
   0.01355183638055
  -0.05990822092051
   0.04303281702694
  -0.05131505928732
  -0.07701146759718
  -0.05385432683873
   0.33350906890691
  -0.03758629241237
  -0.07400083045661
  -0.78646423405238
   0.08405568107974
  -0.15164229459907
   0.15295641775335
   0.12414092202692
  -0.04114639574899
   0.68185856277052
  -0.02772284222876
  -0.44189201323535
   0.25637547082526
  -0.03520373755758
   0.21742532027776
   0.09582431736692
  -0.31870090718517
  -0.12486890489333
   0.00870574979663
  -0.34267863590412
  -0.08815138106170
  -0.07761501503015
   0.56828225973058
  -0.10788439743593
   0.18121819875764
   0.12629848944268
   0.12140688306131
  -0.04798342730429
  -0.02339092384703
   0.13734512235518
   0.56046146048537
  -0.01210679589189
  -0.10133598632412
   1.66673326967347
  -0.23892878320428
  -0.08044943431310
   0.04284758535599
   0.11497198566806
   0.04770598313261
  -0.05170687634628
  -0.29606345379268
   0.10315359781923
  -0.10640317754301
   0.99863234850498
   0.11666997771773
   0.23183928478244
   0.09459477295484
  -0.04302071316792
  -0.18335807154889
   0.01214995126609
  -0.27935723816070
  -0.09334615024681
  -0.05444333293674
   0.06932007268416
   0.19890384947882
  -0.28184835891998
  -0.21860587679508
  -0.21625837781141
   0.09260125165438
   0.23181888283757
  -0.11739411207880
   0.08621207623152
  -0.13481387885277
   0.30032894098838
  -0.05073944024331
  -0.08524691585722
  -0.00998047649525


d3 =

  58.12061435450079


e3 =

     1.266810461897628e+02


f3 =

    93

>> >> >> >> >> 
ans =

   0.00152996032319   0.00152996032319   0.00139087302108   0.00152996032319
   0.02141724035003   0.02141724035003   0.01947021850003   0.02141724035003
   0.02676460712591   0.02676460712591   0.02433146102355   0.02676460712591
   0.05348699141989   0.05348699141989   0.04862453765445   0.05348699141989
   0.05348699141989   0.05348699141989   0.04862453765445   0.05348699141989
   0.13392145302518   0.13392145302518   0.12174677547743   0.13392145302518

>> >> 
ans =

  68.88202890100669  70.37967013348839  70.35115597155911  66.73106954228035

>> >> 
ans =

   0.00004514174527   0.00003971356911   0.00003943201097   0.00005857548349
   0.00056337526492   0.00051918824229   0.00052035318442   0.00065185979376
   0.00000314960182   0.00000260192506   0.00000261781184   0.00000426099725
   0.28798467296070   0.27518964173184   0.27645860127085   0.30030823339790
   0.02939047837037   0.02592631045511   0.02589975691234   0.03641015439667
   0.17915523046068   0.15147387175380   0.15475883007067   0.21619345727598

>> >> 
ans =

   1.0e+04 *

   0.05521570804044   0.10900481158501   0.10945342233430   0.00983149737258
   0.13257910850876   0.16558820256341   0.16055681084989   0.09608776376103
   0.02344592363095   0.01633063773247   0.01834380560708   0.01886470642529
  -0.30033984240118  -0.47153657765469  -0.45651785695450  -0.16377244085548
  -1.12595027672086  -1.68176033562366  -1.65739090446408  -0.61419908553206
   0.33627290865635   0.47637431133069   0.47311289163365   0.18613105574763
  -0.16662647686818  -0.15133002596494  -0.15538229929389  -0.14412081822621
  -1.79568040867220  -2.71079538488177  -2.67580141841887  -0.92122816301900
  -0.63281443789409  -0.94584634887135  -0.93329817347571  -0.32739296557715
  -0.18911494007497  -0.33956930537192  -0.32288968557642  -0.09088119143356
   0.25734255993760   0.23876795488646   0.24611238154186   0.20896052900084
  -0.00751055721240  -0.00176446183573  -0.00393518794610  -0.00649667911936
   0.32779908982649   0.49206897995805   0.48320325940388   0.17787423668305
  -0.09670887724067  -0.18499151126229  -0.17752874128367  -0.03124989269901
  -0.80403488722955  -1.22209023385122  -1.16137148150133  -0.52160971971931
  -0.17248291589767  -0.23908476354200  -0.24091712614238  -0.09975797962004
   0.00261555792635  -0.05441611965499  -0.04994291092606   0.02483008621967
  -0.10851588420494  -0.12055933415443  -0.11962896370379  -0.08324951079735
   0.30808485269862   0.44760468489673   0.43853462883731   0.17289249745180
   0.37491117648211   0.57851287769998   0.57447422452989   0.19173305766714
   0.38183949824696   0.57415229648657   0.56197876944636   0.19324438694417
  -0.10520085226381  -0.17720739957644  -0.17910447179369  -0.05969406794736
  -0.55979115498554  -0.89718480077772  -0.87525369575075  -0.24906236198946
  -0.00673527379709   0.02176133437260   0.02194150856385  -0.02293143051959
  -0.58650886342958  -0.82374157110594  -0.81600432587366  -0.36494364087505
   0.87066387901579   1.35185164110940   1.31491907802143   0.46284334848279
  -0.85684547479817  -1.21824221790748  -1.19329759673785  -0.53320686850982
   0.07146406770442   0.15328937204326   0.14669351167497   0.01355183638055
  -0.10213306798024  -0.13334300369349  -0.13236731864085  -0.05990822092051
   0.06703238148724   0.12795151852996   0.11585749190419   0.04303281702694
  -0.09205005927266  -0.11587699517352  -0.11527765111459  -0.05131505928732
  -0.25029553651132  -0.42150960555934  -0.42157525551368  -0.07701146759718
  -0.23023574018294  -0.44324590304677  -0.43745406833595  -0.05385432683873
   0.54522322242300   0.80374831716797   0.78386776406741   0.33350906890691
  -0.06887153668898  -0.09741466595814  -0.09724960718350  -0.03758629241237
  -0.14827023040066  -0.23053030761181  -0.23016945603598  -0.07400083045661
  -1.41358087194790  -2.05023419383202  -2.02824329381765  -0.78646423405238
   0.19490990297943   0.32280114466800   0.32202816828016   0.08405568107974
  -0.32411525729344  -0.50374205752023  -0.49921552224387  -0.15164229459907
   0.25230934294864   0.34743944450647   0.34243526174147   0.15295641775335
   0.23890475891429   0.36115251477884   0.35657773374115   0.12414092202692
  -0.08248198885845  -0.11880910256171  -0.11763506864541  -0.04114639574899
   1.17168237120469   1.65898495432631   1.63713677292085   0.68185856277052
  -0.04001163913252  -0.05542633478662  -0.05308448276402  -0.02772284222876
  -0.64391441908689  -0.74355003478613  -0.75661896123773  -0.44189201323535
   0.52581111934574   0.86021585350233   0.83741038421678   0.25637547082526
  -0.07595015275436  -0.12452855504021  -0.12054774398222  -0.03520373755758
   0.40670116415570   0.63283272442833   0.61916370216861   0.21742532027776
   0.17750346260340   0.23866340898309   0.24261967927818   0.09582431736692
  -0.58150259268139  -0.75150952956321  -0.76903269894245  -0.31870090718517
  -0.19479825906550  -0.25229619050015  -0.25264632063935  -0.12486890489333
   0.00461650996107   0.00598480478542   0.00393940666219   0.00870574979663
  -0.65677938667834  -0.91538912496351  -0.92039122587087  -0.34267863590412
  -0.26667648829793  -0.46791985016211  -0.46211203048759  -0.08815138106170
  -0.06666429896203  -0.04307662531965  -0.04458333222176  -0.07761501503015
   0.84673110111029   1.08333405084388   1.07622681841315   0.56828225973058
  -0.16413595828511  -0.24963801816554  -0.23572141443968  -0.10788439743593
   0.39048325812496   0.58092525726056   0.58342637279544   0.18121819875764
   0.25123969829313   0.38190191608242   0.37742792759095   0.12629848944268
   0.24145359525225   0.37489005299192   0.37457159528966   0.12140688306131
  -0.05608690547598  -0.07176594523731  -0.06769854979172  -0.04798342730429
  -0.06639450313731  -0.11949515203612  -0.11447510532232  -0.02339092384703
   0.17418492664832   0.19289133423444   0.19331577048472   0.13734512235518
   1.10027865842818   1.66615103151052   1.63918472624148   0.56046146048537
  -0.00531981938226  -0.00843341475804  -0.00286007455921  -0.01210679589189
  -0.15453893609150  -0.20793471554903  -0.20500011775526  -0.10133598632412
   2.97143922083604   4.30110972678969   4.24214905899984   1.66673326967347
  -0.40117234573667  -0.54062157875736  -0.54080770681440  -0.23892878320428
  -0.12939097544458  -0.18772573852258  -0.18122341214463  -0.08044943431310
   0.07889742493564   0.11031140635516   0.10989282351651   0.04284758535599
   0.21955097971138   0.32358772237874   0.32450794902620   0.11497198566806
   0.10207230451345   0.19050974210838   0.18225255122049   0.04770598313261
  -0.15407118760276  -0.26664135995074  -0.26652680231149  -0.05170687634628
  -0.39131615521272  -0.38908674285273  -0.38675745300626  -0.29606345379268
   0.20779043117117   0.33141268991746   0.32541984532660   0.10315359781923
  -0.15303824581230  -0.20429481438338  -0.20110359108361  -0.10640317754301
   1.67303039314375   2.38475352680888   2.33415161295049   0.99863234850498
   0.18372405053445   0.22906557601708   0.23036071958030   0.11666997771773
   0.43421971159307   0.64482020243333   0.63721785939726   0.23183928478244
   0.14172901966458   0.18581431175124   0.18240936351734   0.09459477295484
  -0.05576431268148  -0.05230211804622  -0.05527722134870  -0.04302071316792
  -0.27840664177163  -0.36600581213379  -0.36142147824051  -0.18335807154889
   0.02300293165532   0.02914186908994   0.03001871983793   0.01214995126609
  -0.48152167837769  -0.71984486272869  -0.69785631304086  -0.27935723816070
  -0.19758554248133  -0.33482813187700  -0.32333522286270  -0.09334615024681
  -0.14303583462038  -0.24049079807361  -0.23988669799264  -0.05444333293674
   0.11322981674231   0.15057478203225   0.14999401968504   0.06932007268416
   0.31481607423604   0.41057555877042   0.41075206989925   0.19890384947882
  -0.43468635790741  -0.59468683420727  -0.58448740052492  -0.28184835891998
  -0.40599560718587  -0.61986534203231  -0.60686820916022  -0.21860587679508
  -0.26365251129676  -0.37350368233808  -0.34324272902406  -0.21625837781141
   0.14918853592721   0.24123507468406   0.22355248811133   0.09260125165438
   0.40728831095539   0.57913181252693   0.57809986515676   0.23181888283757
  -0.22318771439551  -0.33220101803512  -0.33145702598848  -0.11739411207880
   0.09312505670688   0.08426264593437   0.08563051151048   0.08621207623152
  -0.23185323035259  -0.31828387170298  -0.31737088906195  -0.13481387885277
   0.51040918844346   0.70102041527345   0.69634681617346   0.30032894098838
  -0.09628533151736  -0.13195280146878  -0.13576789290041  -0.05073944024331
  -0.10802544287733  -0.12784722671068  -0.12295000042360  -0.08524691585722
  -0.00615536817933   0.00346995552992   0.00129404318986  -0.00998047649525

>> >> 
ans =

   1.0e+02 *

   0.88792895981314   1.18394774529166   1.17033229013074   0.58120614354501

>> >> 
ans =

   1.0e+02 *

   1.29643776644160   1.23381783720562   1.25857507605758   1.26681046189763

>> >> 
ans =

    48    49    49    93

>> >> 
ans =

   0.18000000000000   0.10500000000000   0.18000000000000

>> >> 
ans =

   0.92731731674453
   0.92122028625559
   0.91401480880377
   0.90899718173103
   0.90146380602608
   0.89316003612176
   0.87802443815430
   0.91228262916300
   0.90356475591987

>> 
ans =

   0.91359241963939
   0.90355830737086
   0.89164845469831
   0.88010871295013
   0.92560235279419
   0.91634314712564
   0.90886377733809
   0.90170223248096
   0.89610827455472

>> 
ans =

   0.92731731674453
   0.92122028625559
   0.91401480880377
   0.90899718173103
   0.90146380602608
   0.89316003612176
   0.87802443815430
   0.91228262916300
   0.90356475591987

>> >> >> >> >> >> >> >> >> >> >> >> >> >> 0728831095539   0.57913181252693   0.57809986515676   0.23181888283757
  -0.22318771439551  -0.33220101803512  -0.33145702598848  -0.11739411207880
   0.09312505670688   0.08426264593437   0.08563051151048   0.08621207623152
  -0.23185323035259  -0.31828387170298  -0.31737088906195  -0.13481387885277
   0.51040918844346   0.70102041527345   0.69634681617346   0.30032894098838
  -0.09628533151736  -0.13195280146878  -0.13576789290041  -0.05073944024331
  -0.10802544287733  -0.12784722671068  -0.12295000042360  -0.08524691585722
  -0.00615536817933   0.00346995552992   0.00129404318986  -0.00998047649525

>> 
>> [d0,d1,d2,d3]

ans =

   1.0e+02 *

   0.88792895981314   1.18394774529166   1.17033229013074   0.58120614354501

>> 
>> [e0,e1,e2,e3]

ans =

   1.0e+02 *

   1.29643776644160   1.23381783720562   1.25857507605758   1.26681046189763

>> 
>> [f0,f1,f2,f3]

ans =

    48    49    49    93

>> 
>> [lambda_sel1,lambda_sel2,lambda_sel3]

ans =

   0.18000000000000   0.10500000000000   0.18000000000000

>> 
>> rss1'

ans =

   0.92731731674453
   0.92122028625559
   0.91401480880377
   0.90899718173103
   0.90146380602608
   0.89316003612176
   0.87802443815430
   0.91228262916300
   0.90356475591987

>> rss2'

ans =

   0.91359241963939
   0.90355830737086
   0.89164845469831
   0.88010871295013
   0.92560235279419
   0.91634314712564
   0.90886377733809
   0.90170223248096
   0.89610827455472

>> rss3'

ans =

   0.92731731674453
   0.92122028625559
   0.91401480880377
   0.90899718173103
   0.90146380602608
   0.89316003612176
   0.87802443815430
   0.91228262916300
   0.90356475591987

>> 
>> diary off
